pybullet build time: Nov 28 2023 23:52:03
pybullet build time: Nov 28 2023 23:52:03
pybullet build time: Nov 28 2023 23:52:03
SupervisionWarnings: BoxAnnotator is deprecated: `BoxAnnotator` is deprecated and will be removed in `supervision-0.22.0`. Use `BoundingBoxAnnotator` and `LabelAnnotator` instead
SupervisionWarnings: BoxAnnotator is deprecated: `BoxAnnotator` is deprecated and will be removed in `supervision-0.22.0`. Use `BoundingBoxAnnotator` and `LabelAnnotator` instead
SupervisionWarnings: BoxAnnotator is deprecated: `BoxAnnotator` is deprecated and will be removed in `supervision-0.22.0`. Use `BoundingBoxAnnotator` and `LabelAnnotator` instead
2024-03-22 15:18:18,799 Initialized DD-PPO with 3 workers
2024-03-22 15:18:18,829 Initializing dataset OVMMDataset-v0
2024-03-22 15:18:18,830 Initializing dataset OVMMDataset-v0
2024-03-22 15:18:18,830 Initializing dataset OVMMDataset-v0
2024-03-22 15:18:20,464 Using the debug Vector environment interface. Expect slower performance.
2024-03-22 15:18:20,465 Initializing dataset OVMMDataset-v0
2024-03-22 15:18:20,465 Using the debug Vector environment interface. Expect slower performance.
2024-03-22 15:18:20,465 Using the debug Vector environment interface. Expect slower performance.
2024-03-22 15:18:20,465 Initializing dataset OVMMDataset-v0
2024-03-22 15:18:20,466 Initializing dataset OVMMDataset-v0
2024-03-22 15:18:20,466 Initializing dataset OVMMDataset-v0
2024-03-22 15:18:20,466 Initializing dataset OVMMDataset-v0
2024-03-22 15:18:20,466 Initializing dataset OVMMDataset-v0
2024-03-22 15:18:20,466 Initializing dataset OVMMDataset-v0
2024-03-22 15:18:20,467 Initializing dataset OVMMDataset-v0
2024-03-22 15:18:20,467 Initializing dataset OVMMDataset-v0
2024-03-22 15:18:20,467 Initializing dataset OVMMDataset-v0
2024-03-22 15:18:20,468 Initializing dataset OVMMDataset-v0
2024-03-22 15:18:20,468 Initializing dataset OVMMDataset-v0
2024-03-22 15:18:37,018 initializing sim OVMMSim-v0
2024-03-22 15:18:37,178 initializing sim OVMMSim-v0
2024-03-22 15:18:39,060 initializing sim OVMMSim-v0
Platform::WindowlessEglApplication::tryCreateContext(): unable to find CUDA device 1 among 11 EGL devices in total
WindowlessContext: Unable to create windowless context
Platform::WindowlessEglApplication::tryCreateContext(): unable to find CUDA device 2 among 11 EGL devices in total
WindowlessContext: Unable to create windowless context
srun: error: clank: tasks 1-2: Exited with exit code 1
srun: Terminating StepId=838842.0
slurmstepd: error: *** STEP 838842.0 ON clank CANCELLED AT 2024-03-22T15:19:36 ***
[15:19:37:870311]:[Warning]:[Sim] Simulator.cpp(508)::instanceStageForSceneAttributes : The active scene does not contain semantic annotations : activeSemanticSceneID_ = 0
2024-03-22 15:19:51,058 Initializing task RearrangePickTask-v0
2024-03-22 15:19:54,374 initializing sim OVMMSim-v0
2024-03-22 15:19:54,378 initializing sim OVMMSim-v0
[15:20:00:597359]:[Warning]:[Sim] Simulator.cpp(508)::instanceStageForSceneAttributes : The active scene does not contain semantic annotations : activeSemanticSceneID_ = 0
2024-03-22 15:20:08,533 Initializing task RearrangePickTask-v0
[15:20:14:203917]:[Warning]:[Sim] Simulator.cpp(508)::instanceStageForSceneAttributes : The active scene does not contain semantic annotations : activeSemanticSceneID_ = 0
2024-03-22 15:20:18,362 Initializing task RearrangePickTask-v0
2024-03-22 15:20:18,396 initializing sim OVMMSim-v0
[15:20:24:888348]:[Warning]:[Sim] Simulator.cpp(508)::instanceStageForSceneAttributes : The active scene does not contain semantic annotations : activeSemanticSceneID_ = 0
2024-03-22 15:20:35,878 Initializing task RearrangePickTask-v0
Exception in thread Thread-3:
Traceback (most recent call last):
  File "/srv/kira-lab/share4/asingh3064/miniforge3/envs/home-robot/lib/python3.9/threading.py", line 980, in _bootstrap_inner
    self.run()
  File "/srv/kira-lab/share4/asingh3064/miniforge3/envs/home-robot/lib/python3.9/threading.py", line 917, in run
    self._target(*self._args, **self._kwargs)
  File "/coc/pskynet4/asingh3064/home-robot/src/third_party/habitat-lab/habitat-lab/habitat/core/vector_env.py", line 253, in _worker_env
    env = EnvCountEpisodeWrapper(EnvObsDictWrapper(env_fn(*env_fn_args)))
  File "/coc/pskynet4/asingh3064/home-robot/src/third_party/habitat-lab/habitat-lab/habitat/gym/gym_definitions.py", line 61, in make_gym_from_config
    return make_env_fn(env_class=env_class, config=config, dataset=dataset)
  File "/coc/pskynet4/asingh3064/home-robot/src/third_party/habitat-lab/habitat-lab/habitat/utils/env_utils.py", line 37, in make_env_fn
    env = env_class(config=config, dataset=dataset)
  File "/coc/pskynet4/asingh3064/home-robot/src/third_party/habitat-lab/habitat-lab/habitat/core/environments.py", line 126, in __init__
    base_env = RLTaskEnv(config=config, dataset=dataset)
  File "/coc/pskynet4/asingh3064/home-robot/src/third_party/habitat-lab/habitat-lab/habitat/core/environments.py", line 46, in __init__
    super().__init__(config, dataset)
  File "/coc/pskynet4/asingh3064/home-robot/src/third_party/habitat-lab/habitat-lab/habitat/core/env.py", line 382, in __init__
    self._env = Env(config, dataset)
  File "/coc/pskynet4/asingh3064/home-robot/src/third_party/habitat-lab/habitat-lab/habitat/core/env.py", line 118, in __init__
    self._task = make_task(
  File "/coc/pskynet4/asingh3064/home-robot/src/third_party/habitat-lab/habitat-lab/habitat/tasks/registration.py", line 23, in make_task
    return _task(**kwargs)
  File "/coc/pskynet4/asingh3064/home-robot/src/third_party/habitat-lab/habitat-lab/habitat/tasks/rearrange/sub_tasks/pick_task.py", line 30, in __init__
    super().__init__(
  File "/coc/pskynet4/asingh3064/home-robot/src/third_party/habitat-lab/habitat-lab/habitat/tasks/rearrange/rearrange_task.py", line 75, in __init__
    super().__init__(sim=sim, dataset=dataset, **kwargs)
  File "/coc/pskynet4/asingh3064/home-robot/src/third_party/habitat-lab/habitat-lab/habitat/tasks/nav/nav.py", line 1413, in __init__
    super().__init__(config=config, sim=sim, dataset=dataset)
  File "/coc/pskynet4/asingh3064/home-robot/src/third_party/habitat-lab/habitat-lab/habitat/core/embodied_task.py", line 257, in __init__
    self._init_entities(
  File "/coc/pskynet4/asingh3064/home-robot/src/third_party/habitat-lab/habitat-lab/habitat/core/embodied_task.py", line 285, in _init_entities
    entities[entity_name] = entity_type(
  File "/srv/kira-lab/share4/asingh3064/home-robot/projects/habitat_uncertainity/task/sensors.py", line 74, in __init__
    self.segmentation = YOLO_pred()
  File "/srv/kira-lab/share4/asingh3064/home-robot/projects/habitat_uncertainity/utils/YOLO_pred.py", line 84, in __init__
    self.model = YOLOWorld(model_id="yolo_world/l")
  File "/srv/kira-lab/share4/asingh3064/miniforge3/envs/home-robot/lib/python3.9/site-packages/inference/models/yolo_world/yolo_world.py", line 52, in __init__
    self.model = YOLO(self.cache_file("yolo-world.pt"))
  File "/srv/kira-lab/share4/asingh3064/miniforge3/envs/home-robot/lib/python3.9/site-packages/ultralytics/models/yolo/model.py", line 18, in __init__
    new_instance = YOLOWorld(path)
  File "/srv/kira-lab/share4/asingh3064/miniforge3/envs/home-robot/lib/python3.9/site-packages/ultralytics/models/yolo/model.py", line 72, in __init__
    super().__init__(model=model, task="detect")
  File "/srv/kira-lab/share4/asingh3064/miniforge3/envs/home-robot/lib/python3.9/site-packages/ultralytics/engine/model.py", line 142, in __init__
    self._load(model, task=task)
  File "/srv/kira-lab/share4/asingh3064/miniforge3/envs/home-robot/lib/python3.9/site-packages/ultralytics/engine/model.py", line 229, in _load
    self.model, self.ckpt = attempt_load_one_weight(weights)
  File "/srv/kira-lab/share4/asingh3064/miniforge3/envs/home-robot/lib/python3.9/site-packages/ultralytics/nn/tasks.py", line 788, in attempt_load_one_weight
    ckpt, weight = torch_safe_load(weight)  # load ckpt
  File "/srv/kira-lab/share4/asingh3064/miniforge3/envs/home-robot/lib/python3.9/site-packages/ultralytics/nn/tasks.py", line 714, in torch_safe_load
    ckpt = torch.load(file, map_location="cpu")
  File "/srv/kira-lab/share4/asingh3064/miniforge3/envs/home-robot/lib/python3.9/site-packages/torch/serialization.py", line 1028, in load
    return _legacy_load(opened_file, map_location, pickle_module, **pickle_load_args)
  File "/srv/kira-lab/share4/asingh3064/miniforge3/envs/home-robot/lib/python3.9/site-packages/torch/serialization.py", line 1246, in _legacy_load
    magic_number = pickle_module.load(f, **pickle_load_args)
EOFError: Ran out of input
Exception in thread Thread-5:
Traceback (most recent call last):
  File "/srv/kira-lab/share4/asingh3064/miniforge3/envs/home-robot/lib/python3.9/threading.py", line 980, in _bootstrap_inner
    self.run()
  File "/srv/kira-lab/share4/asingh3064/miniforge3/envs/home-robot/lib/python3.9/threading.py", line 917, in run
    self._target(*self._args, **self._kwargs)
  File "/coc/pskynet4/asingh3064/home-robot/src/third_party/habitat-lab/habitat-lab/habitat/core/vector_env.py", line 253, in _worker_env
    env = EnvCountEpisodeWrapper(EnvObsDictWrapper(env_fn(*env_fn_args)))
  File "/coc/pskynet4/asingh3064/home-robot/src/third_party/habitat-lab/habitat-lab/habitat/gym/gym_definitions.py", line 61, in make_gym_from_config
    return make_env_fn(env_class=env_class, config=config, dataset=dataset)
  File "/coc/pskynet4/asingh3064/home-robot/src/third_party/habitat-lab/habitat-lab/habitat/utils/env_utils.py", line 37, in make_env_fn
    env = env_class(config=config, dataset=dataset)
  File "/coc/pskynet4/asingh3064/home-robot/src/third_party/habitat-lab/habitat-lab/habitat/core/environments.py", line 126, in __init__
    base_env = RLTaskEnv(config=config, dataset=dataset)
  File "/coc/pskynet4/asingh3064/home-robot/src/third_party/habitat-lab/habitat-lab/habitat/core/environments.py", line 46, in __init__
    super().__init__(config, dataset)
  File "/coc/pskynet4/asingh3064/home-robot/src/third_party/habitat-lab/habitat-lab/habitat/core/env.py", line 382, in __init__
    self._env = Env(config, dataset)
  File "/coc/pskynet4/asingh3064/home-robot/src/third_party/habitat-lab/habitat-lab/habitat/core/env.py", line 118, in __init__
    self._task = make_task(
  File "/coc/pskynet4/asingh3064/home-robot/src/third_party/habitat-lab/habitat-lab/habitat/tasks/registration.py", line 23, in make_task
    return _task(**kwargs)
  File "/coc/pskynet4/asingh3064/home-robot/src/third_party/habitat-lab/habitat-lab/habitat/tasks/rearrange/sub_tasks/pick_task.py", line 30, in __init__
    super().__init__(
  File "/coc/pskynet4/asingh3064/home-robot/src/third_party/habitat-lab/habitat-lab/habitat/tasks/rearrange/rearrange_task.py", line 75, in __init__
    super().__init__(sim=sim, dataset=dataset, **kwargs)
  File "/coc/pskynet4/asingh3064/home-robot/src/third_party/habitat-lab/habitat-lab/habitat/tasks/nav/nav.py", line 1413, in __init__
    super().__init__(config=config, sim=sim, dataset=dataset)
  File "/coc/pskynet4/asingh3064/home-robot/src/third_party/habitat-lab/habitat-lab/habitat/core/embodied_task.py", line 257, in __init__
    self._init_entities(
  File "/coc/pskynet4/asingh3064/home-robot/src/third_party/habitat-lab/habitat-lab/habitat/core/embodied_task.py", line 285, in _init_entities
    entities[entity_name] = entity_type(
  File "/srv/kira-lab/share4/asingh3064/home-robot/projects/habitat_uncertainity/task/sensors.py", line 74, in __init__
    self.segmentation = YOLO_pred()
  File "/srv/kira-lab/share4/asingh3064/home-robot/projects/habitat_uncertainity/utils/YOLO_pred.py", line 84, in __init__
    self.model = YOLOWorld(model_id="yolo_world/l")
  File "/srv/kira-lab/share4/asingh3064/miniforge3/envs/home-robot/lib/python3.9/site-packages/inference/models/yolo_world/yolo_world.py", line 52, in __init__
    self.model = YOLO(self.cache_file("yolo-world.pt"))
  File "/srv/kira-lab/share4/asingh3064/miniforge3/envs/home-robot/lib/python3.9/site-packages/ultralytics/models/yolo/model.py", line 18, in __init__
    new_instance = YOLOWorld(path)
  File "/srv/kira-lab/share4/asingh3064/miniforge3/envs/home-robot/lib/python3.9/site-packages/ultralytics/models/yolo/model.py", line 72, in __init__
    super().__init__(model=model, task="detect")
  File "/srv/kira-lab/share4/asingh3064/miniforge3/envs/home-robot/lib/python3.9/site-packages/ultralytics/engine/model.py", line 142, in __init__
    self._load(model, task=task)
  File "/srv/kira-lab/share4/asingh3064/miniforge3/envs/home-robot/lib/python3.9/site-packages/ultralytics/engine/model.py", line 229, in _load
    self.model, self.ckpt = attempt_load_one_weight(weights)
  File "/srv/kira-lab/share4/asingh3064/miniforge3/envs/home-robot/lib/python3.9/site-packages/ultralytics/nn/tasks.py", line 788, in attempt_load_one_weight
    ckpt, weight = torch_safe_load(weight)  # load ckpt
  File "/srv/kira-lab/share4/asingh3064/miniforge3/envs/home-robot/lib/python3.9/site-packages/ultralytics/nn/tasks.py", line 714, in torch_safe_load
    ckpt = torch.load(file, map_location="cpu")
  File "/srv/kira-lab/share4/asingh3064/miniforge3/envs/home-robot/lib/python3.9/site-packages/torch/serialization.py", line 1028, in load
    return _legacy_load(opened_file, map_location, pickle_module, **pickle_load_args)
  File "/srv/kira-lab/share4/asingh3064/miniforge3/envs/home-robot/lib/python3.9/site-packages/torch/serialization.py", line 1246, in _legacy_load
    magic_number = pickle_module.load(f, **pickle_load_args)
EOFError: Ran out of input
Exception in thread Thread-2:
Traceback (most recent call last):
  File "/srv/kira-lab/share4/asingh3064/miniforge3/envs/home-robot/lib/python3.9/threading.py", line 980, in _bootstrap_inner
    self.run()
  File "/srv/kira-lab/share4/asingh3064/miniforge3/envs/home-robot/lib/python3.9/threading.py", line 917, in run
    self._target(*self._args, **self._kwargs)
  File "/coc/pskynet4/asingh3064/home-robot/src/third_party/habitat-lab/habitat-lab/habitat/core/vector_env.py", line 253, in _worker_env
    env = EnvCountEpisodeWrapper(EnvObsDictWrapper(env_fn(*env_fn_args)))
  File "/coc/pskynet4/asingh3064/home-robot/src/third_party/habitat-lab/habitat-lab/habitat/gym/gym_definitions.py", line 61, in make_gym_from_config
    return make_env_fn(env_class=env_class, config=config, dataset=dataset)
  File "/coc/pskynet4/asingh3064/home-robot/src/third_party/habitat-lab/habitat-lab/habitat/utils/env_utils.py", line 37, in make_env_fn
    env = env_class(config=config, dataset=dataset)
  File "/coc/pskynet4/asingh3064/home-robot/src/third_party/habitat-lab/habitat-lab/habitat/core/environments.py", line 126, in __init__
    base_env = RLTaskEnv(config=config, dataset=dataset)
  File "/coc/pskynet4/asingh3064/home-robot/src/third_party/habitat-lab/habitat-lab/habitat/core/environments.py", line 46, in __init__
    super().__init__(config, dataset)
  File "/coc/pskynet4/asingh3064/home-robot/src/third_party/habitat-lab/habitat-lab/habitat/core/env.py", line 382, in __init__
    self._env = Env(config, dataset)
  File "/coc/pskynet4/asingh3064/home-robot/src/third_party/habitat-lab/habitat-lab/habitat/core/env.py", line 118, in __init__
    self._task = make_task(
  File "/coc/pskynet4/asingh3064/home-robot/src/third_party/habitat-lab/habitat-lab/habitat/tasks/registration.py", line 23, in make_task
    return _task(**kwargs)
  File "/coc/pskynet4/asingh3064/home-robot/src/third_party/habitat-lab/habitat-lab/habitat/tasks/rearrange/sub_tasks/pick_task.py", line 30, in __init__
    super().__init__(
  File "/coc/pskynet4/asingh3064/home-robot/src/third_party/habitat-lab/habitat-lab/habitat/tasks/rearrange/rearrange_task.py", line 75, in __init__
    super().__init__(sim=sim, dataset=dataset, **kwargs)
  File "/coc/pskynet4/asingh3064/home-robot/src/third_party/habitat-lab/habitat-lab/habitat/tasks/nav/nav.py", line 1413, in __init__
    super().__init__(config=config, sim=sim, dataset=dataset)
  File "/coc/pskynet4/asingh3064/home-robot/src/third_party/habitat-lab/habitat-lab/habitat/core/embodied_task.py", line 257, in __init__
    self._init_entities(
  File "/coc/pskynet4/asingh3064/home-robot/src/third_party/habitat-lab/habitat-lab/habitat/core/embodied_task.py", line 285, in _init_entities
    entities[entity_name] = entity_type(
  File "/srv/kira-lab/share4/asingh3064/home-robot/projects/habitat_uncertainity/task/sensors.py", line 74, in __init__
    self.segmentation = YOLO_pred()
  File "/srv/kira-lab/share4/asingh3064/home-robot/projects/habitat_uncertainity/utils/YOLO_pred.py", line 84, in __init__
    self.model = YOLOWorld(model_id="yolo_world/l")
  File "/srv/kira-lab/share4/asingh3064/miniforge3/envs/home-robot/lib/python3.9/site-packages/inference/models/yolo_world/yolo_world.py", line 52, in __init__
    self.model = YOLO(self.cache_file("yolo-world.pt"))
  File "/srv/kira-lab/share4/asingh3064/miniforge3/envs/home-robot/lib/python3.9/site-packages/ultralytics/models/yolo/model.py", line 18, in __init__
    new_instance = YOLOWorld(path)
  File "/srv/kira-lab/share4/asingh3064/miniforge3/envs/home-robot/lib/python3.9/site-packages/ultralytics/models/yolo/model.py", line 72, in __init__
    super().__init__(model=model, task="detect")
  File "/srv/kira-lab/share4/asingh3064/miniforge3/envs/home-robot/lib/python3.9/site-packages/ultralytics/engine/model.py", line 142, in __init__
    self._load(model, task=task)
  File "/srv/kira-lab/share4/asingh3064/miniforge3/envs/home-robot/lib/python3.9/site-packages/ultralytics/engine/model.py", line 229, in _load
    self.model, self.ckpt = attempt_load_one_weight(weights)
  File "/srv/kira-lab/share4/asingh3064/miniforge3/envs/home-robot/lib/python3.9/site-packages/ultralytics/nn/tasks.py", line 788, in attempt_load_one_weight
    ckpt, weight = torch_safe_load(weight)  # load ckpt
  File "/srv/kira-lab/share4/asingh3064/miniforge3/envs/home-robot/lib/python3.9/site-packages/ultralytics/nn/tasks.py", line 714, in torch_safe_load
    ckpt = torch.load(file, map_location="cpu")
  File "/srv/kira-lab/share4/asingh3064/miniforge3/envs/home-robot/lib/python3.9/site-packages/torch/serialization.py", line 1028, in load
    return _legacy_load(opened_file, map_location, pickle_module, **pickle_load_args)
  File "/srv/kira-lab/share4/asingh3064/miniforge3/envs/home-robot/lib/python3.9/site-packages/torch/serialization.py", line 1246, in _legacy_load
    magic_number = pickle_module.load(f, **pickle_load_args)
EOFError: Ran out of input
Exception in thread Thread-4:
Traceback (most recent call last):
  File "/srv/kira-lab/share4/asingh3064/miniforge3/envs/home-robot/lib/python3.9/threading.py", line 980, in _bootstrap_inner
    self.run()
  File "/srv/kira-lab/share4/asingh3064/miniforge3/envs/home-robot/lib/python3.9/threading.py", line 917, in run
    self._target(*self._args, **self._kwargs)
  File "/coc/pskynet4/asingh3064/home-robot/src/third_party/habitat-lab/habitat-lab/habitat/core/vector_env.py", line 253, in _worker_env
    env = EnvCountEpisodeWrapper(EnvObsDictWrapper(env_fn(*env_fn_args)))
  File "/coc/pskynet4/asingh3064/home-robot/src/third_party/habitat-lab/habitat-lab/habitat/gym/gym_definitions.py", line 61, in make_gym_from_config
    return make_env_fn(env_class=env_class, config=config, dataset=dataset)
  File "/coc/pskynet4/asingh3064/home-robot/src/third_party/habitat-lab/habitat-lab/habitat/utils/env_utils.py", line 37, in make_env_fn
    env = env_class(config=config, dataset=dataset)
  File "/coc/pskynet4/asingh3064/home-robot/src/third_party/habitat-lab/habitat-lab/habitat/core/environments.py", line 126, in __init__
    base_env = RLTaskEnv(config=config, dataset=dataset)
  File "/coc/pskynet4/asingh3064/home-robot/src/third_party/habitat-lab/habitat-lab/habitat/core/environments.py", line 46, in __init__
    super().__init__(config, dataset)
  File "/coc/pskynet4/asingh3064/home-robot/src/third_party/habitat-lab/habitat-lab/habitat/core/env.py", line 382, in __init__
    self._env = Env(config, dataset)
  File "/coc/pskynet4/asingh3064/home-robot/src/third_party/habitat-lab/habitat-lab/habitat/core/env.py", line 118, in __init__
    self._task = make_task(
  File "/coc/pskynet4/asingh3064/home-robot/src/third_party/habitat-lab/habitat-lab/habitat/tasks/registration.py", line 23, in make_task
    return _task(**kwargs)
  File "/coc/pskynet4/asingh3064/home-robot/src/third_party/habitat-lab/habitat-lab/habitat/tasks/rearrange/sub_tasks/pick_task.py", line 30, in __init__
    super().__init__(
  File "/coc/pskynet4/asingh3064/home-robot/src/third_party/habitat-lab/habitat-lab/habitat/tasks/rearrange/rearrange_task.py", line 75, in __init__
    super().__init__(sim=sim, dataset=dataset, **kwargs)
  File "/coc/pskynet4/asingh3064/home-robot/src/third_party/habitat-lab/habitat-lab/habitat/tasks/nav/nav.py", line 1413, in __init__
    super().__init__(config=config, sim=sim, dataset=dataset)
  File "/coc/pskynet4/asingh3064/home-robot/src/third_party/habitat-lab/habitat-lab/habitat/core/embodied_task.py", line 257, in __init__
    self._init_entities(
  File "/coc/pskynet4/asingh3064/home-robot/src/third_party/habitat-lab/habitat-lab/habitat/core/embodied_task.py", line 285, in _init_entities
    entities[entity_name] = entity_type(
  File "/srv/kira-lab/share4/asingh3064/home-robot/projects/habitat_uncertainity/task/sensors.py", line 74, in __init__
    self.segmentation = YOLO_pred()
  File "/srv/kira-lab/share4/asingh3064/home-robot/projects/habitat_uncertainity/utils/YOLO_pred.py", line 84, in __init__
    self.model = YOLOWorld(model_id="yolo_world/l")
  File "/srv/kira-lab/share4/asingh3064/miniforge3/envs/home-robot/lib/python3.9/site-packages/inference/models/yolo_world/yolo_world.py", line 52, in __init__
    self.model = YOLO(self.cache_file("yolo-world.pt"))
  File "/srv/kira-lab/share4/asingh3064/miniforge3/envs/home-robot/lib/python3.9/site-packages/ultralytics/models/yolo/model.py", line 18, in __init__
    new_instance = YOLOWorld(path)
  File "/srv/kira-lab/share4/asingh3064/miniforge3/envs/home-robot/lib/python3.9/site-packages/ultralytics/models/yolo/model.py", line 72, in __init__
    super().__init__(model=model, task="detect")
  File "/srv/kira-lab/share4/asingh3064/miniforge3/envs/home-robot/lib/python3.9/site-packages/ultralytics/engine/model.py", line 142, in __init__
    self._load(model, task=task)
  File "/srv/kira-lab/share4/asingh3064/miniforge3/envs/home-robot/lib/python3.9/site-packages/ultralytics/engine/model.py", line 229, in _load
    self.model, self.ckpt = attempt_load_one_weight(weights)
  File "/srv/kira-lab/share4/asingh3064/miniforge3/envs/home-robot/lib/python3.9/site-packages/ultralytics/nn/tasks.py", line 788, in attempt_load_one_weight
    ckpt, weight = torch_safe_load(weight)  # load ckpt
  File "/srv/kira-lab/share4/asingh3064/miniforge3/envs/home-robot/lib/python3.9/site-packages/ultralytics/nn/tasks.py", line 714, in torch_safe_load
    ckpt = torch.load(file, map_location="cpu")
  File "/srv/kira-lab/share4/asingh3064/miniforge3/envs/home-robot/lib/python3.9/site-packages/torch/serialization.py", line 1028, in load
    return _legacy_load(opened_file, map_location, pickle_module, **pickle_load_args)
  File "/srv/kira-lab/share4/asingh3064/miniforge3/envs/home-robot/lib/python3.9/site-packages/torch/serialization.py", line 1246, in _legacy_load
    magic_number = pickle_module.load(f, **pickle_load_args)
EOFError: Ran out of input
srun: Job step aborted: Waiting up to 302 seconds for job step to finish.
slurmstepd: error: *** JOB 838842 ON clank CANCELLED AT 2024-03-22T15:24:36 ***
